c:\users\bpetkovic\source\repos\mockingapplication\mockinga.e68680b7\x64\release\mockingapplication.pch
c:\users\bpetkovic\source\repos\mockingapplication\mockinga.e68680b7\x64\release\vc143.pdb
c:\users\bpetkovic\source\repos\mockingapplication\mockinga.e68680b7\x64\release\pch.obj
c:\users\bpetkovic\source\repos\mockingapplication\mockinga.e68680b7\x64\release\.netframework,version=v4.7.2.assemblyattributes.obj
c:\users\bpetkovic\source\repos\mockingapplication\mockinga.e68680b7\x64\release\mockingfiles.obj
c:\users\bpetkovic\source\repos\mockingapplication\mockinga.e68680b7\x64\release\form1.obj
c:\users\bpetkovic\source\repos\mockingapplication\mockinga.e68680b7\x64\release\cppclr_winformsproject.obj
c:\users\bpetkovic\source\repos\mockingapplication\mockinga.e68680b7\x64\release\assemblyinfo.obj
c:\users\bpetkovic\source\repos\mockingapplication\x64\release\mockingapplication.exe
c:\users\bpetkovic\source\repos\mockingapplication\x64\release\mockingapplication.pdb
c:\users\bpetkovic\source\repos\mockingapplication\mockinga.e68680b7\x64\release\app.res
c:\users\bpetkovic\source\repos\mockingapplication\mockinga.e68680b7\x64\release\mockinga.e68680b7.tlog\cl.command.1.tlog
c:\users\bpetkovic\source\repos\mockingapplication\mockinga.e68680b7\x64\release\mockinga.e68680b7.tlog\cl.items.tlog
c:\users\bpetkovic\source\repos\mockingapplication\mockinga.e68680b7\x64\release\mockinga.e68680b7.tlog\cl.read.1.tlog
c:\users\bpetkovic\source\repos\mockingapplication\mockinga.e68680b7\x64\release\mockinga.e68680b7.tlog\cl.write.1.tlog
c:\users\bpetkovic\source\repos\mockingapplication\mockinga.e68680b7\x64\release\mockinga.e68680b7.tlog\link.command.1.tlog
c:\users\bpetkovic\source\repos\mockingapplication\mockinga.e68680b7\x64\release\mockinga.e68680b7.tlog\link.read.1.tlog
c:\users\bpetkovic\source\repos\mockingapplication\mockinga.e68680b7\x64\release\mockinga.e68680b7.tlog\link.secondary.1.tlog
c:\users\bpetkovic\source\repos\mockingapplication\mockinga.e68680b7\x64\release\mockinga.e68680b7.tlog\link.write.1.tlog
c:\users\bpetkovic\source\repos\mockingapplication\mockinga.e68680b7\x64\release\mockinga.e68680b7.tlog\metagen.read.1.tlog
c:\users\bpetkovic\source\repos\mockingapplication\mockinga.e68680b7\x64\release\mockinga.e68680b7.tlog\metagen.write.1.tlog
c:\users\bpetkovic\source\repos\mockingapplication\mockinga.e68680b7\x64\release\mockinga.e68680b7.tlog\rc.command.1.tlog
c:\users\bpetkovic\source\repos\mockingapplication\mockinga.e68680b7\x64\release\mockinga.e68680b7.tlog\rc.read.1.tlog
c:\users\bpetkovic\source\repos\mockingapplication\mockinga.e68680b7\x64\release\mockinga.e68680b7.tlog\rc.write.1.tlog
c:\users\bpetkovic\source\repos\mockingapplication\mockinga.e68680b7\x64\release\mockinga.e68680b7.tlog\resgen.command.1.tlog
c:\users\bpetkovic\source\repos\mockingapplication\mockinga.e68680b7\x64\release\mockinga.e68680b7.tlog\resgen.read.1.tlog
c:\users\bpetkovic\source\repos\mockingapplication\mockinga.e68680b7\x64\release\mockinga.e68680b7.tlog\resgen.write.1.tlog
