c:\users\bpetkovic\source\repos\mockingapplication\mockinga.e68680b7\x64\debug\mockingapplication.pch
c:\users\bpetkovic\source\repos\mockingapplication\mockinga.e68680b7\x64\debug\vc143.pdb
c:\users\bpetkovic\source\repos\mockingapplication\mockinga.e68680b7\x64\debug\pch.obj
c:\users\bpetkovic\source\repos\mockingapplication\mockinga.e68680b7\x64\debug\.netframework,version=v4.8.assemblyattributes.obj
c:\users\bpetkovic\source\repos\mockingapplication\mockinga.e68680b7\x64\debug\mockingfiles.obj
c:\users\bpetkovic\source\repos\mockingapplication\mockinga.e68680b7\x64\debug\home.obj
c:\users\bpetkovic\source\repos\mockingapplication\mockinga.e68680b7\x64\debug\form1.obj
c:\users\bpetkovic\source\repos\mockingapplication\mockinga.e68680b7\x64\debug\filesform.obj
c:\users\bpetkovic\source\repos\mockingapplication\mockinga.e68680b7\x64\debug\fileform.obj
c:\users\bpetkovic\source\repos\mockingapplication\mockinga.e68680b7\x64\debug\cppclr_winformsproject.obj
c:\users\bpetkovic\source\repos\mockingapplication\mockinga.e68680b7\x64\debug\assemblyinfo.obj
c:\users\bpetkovic\source\repos\mockingapplication\x64\debug\realtaiizor.dll
c:\users\bpetkovic\source\repos\mockingapplication\x64\debug\realtaiizor.xml
c:\users\bpetkovic\source\repos\mockingapplication\x64\debug\mockingapplication.exe
c:\users\bpetkovic\source\repos\mockingapplication\x64\debug\mockingapplication.pdb
c:\users\bpetkovic\source\repos\mockingapplication\mockinga.e68680b7\x64\debug\mockinga.e68680b7.tlog\metagen.write.1.tlog
c:\users\bpetkovic\source\repos\mockingapplication\mockinga.e68680b7\x64\debug\app.res
c:\users\bpetkovic\source\repos\mockingapplication\mockinga.e68680b7\x64\debug\mockinga.e68680b7.tlog\cl.command.1.tlog
c:\users\bpetkovic\source\repos\mockingapplication\mockinga.e68680b7\x64\debug\mockinga.e68680b7.tlog\cl.items.tlog
c:\users\bpetkovic\source\repos\mockingapplication\mockinga.e68680b7\x64\debug\mockinga.e68680b7.tlog\cl.read.1.tlog
c:\users\bpetkovic\source\repos\mockingapplication\mockinga.e68680b7\x64\debug\mockinga.e68680b7.tlog\cl.write.1.tlog
c:\users\bpetkovic\source\repos\mockingapplication\mockinga.e68680b7\x64\debug\mockinga.e68680b7.tlog\copylocal.read.1u.tlog
c:\users\bpetkovic\source\repos\mockingapplication\mockinga.e68680b7\x64\debug\mockinga.e68680b7.tlog\copylocal.write.1u.tlog
c:\users\bpetkovic\source\repos\mockingapplication\mockinga.e68680b7\x64\debug\mockinga.e68680b7.tlog\link.command.1.tlog
c:\users\bpetkovic\source\repos\mockingapplication\mockinga.e68680b7\x64\debug\mockinga.e68680b7.tlog\link.read.1.tlog
c:\users\bpetkovic\source\repos\mockingapplication\mockinga.e68680b7\x64\debug\mockinga.e68680b7.tlog\link.secondary.1.tlog
c:\users\bpetkovic\source\repos\mockingapplication\mockinga.e68680b7\x64\debug\mockinga.e68680b7.tlog\link.write.1.tlog
c:\users\bpetkovic\source\repos\mockingapplication\mockinga.e68680b7\x64\debug\mockinga.e68680b7.tlog\metagen.read.1.tlog
c:\users\bpetkovic\source\repos\mockingapplication\mockinga.e68680b7\x64\debug\mockinga.e68680b7.tlog\rc.command.1.tlog
c:\users\bpetkovic\source\repos\mockingapplication\mockinga.e68680b7\x64\debug\mockinga.e68680b7.tlog\rc.read.1.tlog
c:\users\bpetkovic\source\repos\mockingapplication\mockinga.e68680b7\x64\debug\mockinga.e68680b7.tlog\rc.write.1.tlog
c:\users\bpetkovic\source\repos\mockingapplication\mockinga.e68680b7\x64\debug\mockinga.e68680b7.tlog\resgen.command.1.tlog
c:\users\bpetkovic\source\repos\mockingapplication\mockinga.e68680b7\x64\debug\mockinga.e68680b7.tlog\resgen.read.1.tlog
c:\users\bpetkovic\source\repos\mockingapplication\mockinga.e68680b7\x64\debug\mockinga.e68680b7.tlog\resgen.write.1.tlog
c:\users\bpetkovic\source\repos\mockingapplication\mockinga.e68680b7\x64\debug\mockinga.e68680b7.tlog\realtaiizor.dll.metagen
